0 info it worked if it ends with ok
1 verbose cli [ '/Users/freeman/.nvm/versions/node/v6.10.3/bin/node',
1 verbose cli   '/Users/freeman/.nvm/versions/node/v6.10.3/bin/npm',
1 verbose cli   'run',
1 verbose cli   'compile:sass' ]
2 info using npm@3.10.10
3 info using node@v6.10.3
4 verbose run-script [ 'precompile:sass', 'compile:sass', 'postcompile:sass' ]
5 info lifecycle starter@1.0.0~precompile:sass: starter@1.0.0
6 silly lifecycle starter@1.0.0~precompile:sass: no script for precompile:sass, continuing
7 info lifecycle starter@1.0.0~compile:sass: starter@1.0.0
8 verbose lifecycle starter@1.0.0~compile:sass: unsafe-perm in lifecycle true
9 verbose lifecycle starter@1.0.0~compile:sass: PATH: /Users/freeman/.nvm/versions/node/v6.10.3/lib/node_modules/npm/bin/node-gyp-bin:/Users/freeman/Desktop/Jonas Schmedtmann/advanced-css-course/Natours/starter/node_modules/.bin:/Users/freeman/.rvm/gems/ruby-2.2.0/bin:/Users/freeman/.rvm/gems/ruby-2.2.0@global/bin:/Users/freeman/.rvm/rubies/ruby-2.2.0/bin:/Users/freeman/.nvm/versions/node/v6.10.3/bin:/Users/freeman/.yarn/bin:/usr/local/bin:/usr/bin:/bin:/usr/sbin:/sbin:/Users/freeman/.rvm/gems/ruby-2.2.0/bin:/Users/freeman/.rvm/gems/ruby-2.2.0@global/bin:/Users/freeman/.rvm/rubies/ruby-2.2.0/bin:/usr/local/bin:/usr/bin:/bin:/usr/sbin:/sbin:/Users/freeman/.rvm/bin
10 verbose lifecycle starter@1.0.0~compile:sass: CWD: /Users/freeman/Desktop/Jonas Schmedtmann/advanced-css-course/Natours/starter
11 silly lifecycle starter@1.0.0~compile:sass: Args: [ '-c', 'node-sass sass/main.scss css/style.css -w' ]
12 silly lifecycle starter@1.0.0~compile:sass: Returned: code: 1  signal: null
13 info lifecycle starter@1.0.0~compile:sass: Failed to exec compile:sass script
14 verbose stack Error: starter@1.0.0 compile:sass: `node-sass sass/main.scss css/style.css -w`
14 verbose stack Exit status 1
14 verbose stack     at EventEmitter.<anonymous> (/Users/freeman/.nvm/versions/node/v6.10.3/lib/node_modules/npm/lib/utils/lifecycle.js:255:16)
14 verbose stack     at emitTwo (events.js:106:13)
14 verbose stack     at EventEmitter.emit (events.js:191:7)
14 verbose stack     at ChildProcess.<anonymous> (/Users/freeman/.nvm/versions/node/v6.10.3/lib/node_modules/npm/lib/utils/spawn.js:40:14)
14 verbose stack     at emitTwo (events.js:106:13)
14 verbose stack     at ChildProcess.emit (events.js:191:7)
14 verbose stack     at maybeClose (internal/child_process.js:886:16)
14 verbose stack     at Process.ChildProcess._handle.onexit (internal/child_process.js:226:5)
15 verbose pkgid starter@1.0.0
16 verbose cwd /Users/freeman/Desktop/Jonas Schmedtmann/advanced-css-course/Natours/starter
17 error Darwin 17.4.0
18 error argv "/Users/freeman/.nvm/versions/node/v6.10.3/bin/node" "/Users/freeman/.nvm/versions/node/v6.10.3/bin/npm" "run" "compile:sass"
19 error node v6.10.3
20 error npm  v3.10.10
21 error code ELIFECYCLE
22 error starter@1.0.0 compile:sass: `node-sass sass/main.scss css/style.css -w`
22 error Exit status 1
23 error Failed at the starter@1.0.0 compile:sass script 'node-sass sass/main.scss css/style.css -w'.
23 error Make sure you have the latest version of node.js and npm installed.
23 error If you do, this is most likely a problem with the starter package,
23 error not with npm itself.
23 error Tell the author that this fails on your system:
23 error     node-sass sass/main.scss css/style.css -w
23 error You can get information on how to open an issue for this project with:
23 error     npm bugs starter
23 error Or if that isn't available, you can get their info via:
23 error     npm owner ls starter
23 error There is likely additional logging output above.
24 verbose exit [ 1, true ]
